2021-01-27 22:28:21,556 INFO loading None profile from config /home/kjadbaba/.twarc
2021-01-27 22:30:06,696 INFO loading None profile from config /home/kjadbaba/.twarc
2021-01-27 22:30:06,697 INFO creating http session
2021-01-27 22:30:06,697 INFO creating OAuth1 user authentication
2021-01-27 22:30:06,697 INFO getting ('https://api.twitter.com/1.1/account/verify_credentials.json',) {'params': {'tweet_mode': 'extended'}}
2021-01-27 22:30:06,818 INFO hydrating ['789250598268837889', '789250597526446080', '789250598239670273', '789250597266546688', '789250597841084417', '789250598214393856', '789250598017175552', '789250598386315264', '789250598621163520', '789425340942876672', '789425344545562625', '789425345162276864', '789425344969408512', '789425345116209152', '789425345338368000', '789425344386207744', '789425345174773760', '789425345661399044', '789425345443291136', '789425345199951872']
2021-01-27 22:30:06,818 INFO posting ('https://api.twitter.com/1.1/statuses/lookup.json',) {'data': {'id': '789250598268837889,789250597526446080,789250598239670273,789250597266546688,789250597841084417,789250598214393856,789250598017175552,789250598386315264,789250598621163520,789425340942876672,789425344545562625,789425345162276864,789425344969408512,789425345116209152,789425345338368000,789425344386207744,789425345174773760,789425345661399044,789425345443291136,789425345199951872', 'include_ext_alt_text': 'true', 'include_entities': 'true', 'trim_user': False, 'tweet_mode': 'extended'}}
2021-01-27 22:30:06,950 INFO archived 789425345443291136
2021-01-27 22:30:06,951 INFO archived 789425344969408512
2021-01-27 22:30:06,951 INFO archived 789425345338368000
2021-01-27 22:30:06,951 INFO archived 789425344545562625
2021-01-27 22:30:06,952 INFO archived 789425345199951872
2021-01-27 22:30:06,952 INFO archived 789250598268837889
2021-01-27 22:30:06,952 INFO archived 789425345661399044
2021-01-27 22:30:06,952 INFO archived 789250597526446080
2021-01-27 22:30:06,952 INFO archived 789425340942876672
2021-01-27 22:30:06,953 INFO archived 789425344386207744
2021-01-27 22:30:06,953 INFO archived 789250598621163520
2021-01-27 22:30:06,953 INFO archived 789250598239670273
2021-01-27 22:30:06,953 INFO archived 789250597266546688
2021-01-27 22:39:33,070 INFO loading None profile from config /home/kjadbaba/.twarc
2021-01-27 22:39:33,071 INFO creating http session
2021-01-27 22:39:33,071 INFO creating OAuth1 user authentication
2021-01-27 22:39:33,071 INFO getting ('https://api.twitter.com/1.1/account/verify_credentials.json',) {'params': {'tweet_mode': 'extended'}}
2021-01-27 22:39:33,203 INFO hydrating ['789250598268837889', '789250597526446080', '789250598239670273', '789250597266546688', '789250597841084417', '789250598214393856', '789250598017175552', '789250598386315264', '789250598621163520', '789425340942876672', '789425344545562625', '789425345162276864', '789425344969408512', '789425345116209152', '789425345338368000', '789425344386207744', '789425345174773760', '789425345661399044', '789425345443291136', '789425345199951872']
2021-01-27 22:39:33,204 INFO posting ('https://api.twitter.com/1.1/statuses/lookup.json',) {'data': {'id': '789250598268837889,789250597526446080,789250598239670273,789250597266546688,789250597841084417,789250598214393856,789250598017175552,789250598386315264,789250598621163520,789425340942876672,789425344545562625,789425345162276864,789425344969408512,789425345116209152,789425345338368000,789425344386207744,789425345174773760,789425345661399044,789425345443291136,789425345199951872', 'include_ext_alt_text': 'true', 'include_entities': 'true', 'trim_user': False, 'tweet_mode': 'extended'}}
2021-01-27 22:39:33,358 INFO archived 789425345443291136
2021-01-27 22:39:33,358 INFO archived 789425344969408512
2021-01-27 22:39:33,359 INFO archived 789425345338368000
2021-01-27 22:39:33,359 INFO archived 789425344545562625
2021-01-27 22:39:33,359 INFO archived 789425345199951872
2021-01-27 22:39:33,360 INFO archived 789250598268837889
2021-01-27 22:39:33,360 INFO archived 789425345661399044
2021-01-27 22:39:33,360 INFO archived 789250597526446080
2021-01-27 22:39:33,360 INFO archived 789425340942876672
2021-01-27 22:39:33,361 INFO archived 789425344386207744
2021-01-27 22:39:33,361 INFO archived 789250598621163520
2021-01-27 22:39:33,361 INFO archived 789250598239670273
2021-01-27 22:39:33,361 INFO archived 789250597266546688
